<?xml version="1.0" encoding="UTF-8"?>
<!-- Generated by org.testng.reporters.JUnitXMLReporter -->
<testsuite hostname="PCIN468077" name="Regresssion Test" tests="4" failures="0" timestamp="3 Mar 2021 12:49:31 GMT" time="47.681" errors="0">
  <testcase name="searchWeb" time="14.344" classname="tests.Courses"/>
  <testcase name="retrieveLanguage" time="7.445" classname="tests.Courses"/>
  <testcase name="retrieveLevel" time="5.069" classname="tests.Courses"/>
  <testcase name="business" time="20.811" classname="tests.Courses"/>
</testsuite> <!-- Regresssion Test -->
