<?xml version="1.0" encoding="UTF-8"?>
<!-- Generated by org.testng.reporters.JUnitXMLReporter -->
<testsuite hostname="PCIN468077" name="Test" tests="4" failures="0" timestamp="3 Mar 2021 07:13:51 GMT" time="61.539" errors="0">
  <testcase name="searchWeb" time="32.873" classname="tests.CoursesValid"/>
  <testcase name="retrieveLanguage" time="7.903" classname="tests.CoursesValid"/>
  <testcase name="retrieveLevel" time="6.201" classname="tests.CoursesValid"/>
  <testcase name="business" time="14.482" classname="tests.CoursesValid"/>
</testsuite> <!-- Test -->
