<?xml version="1.0" encoding="UTF-8"?>
<testsuite xmlns:xsi="http://www.w3.org/2001/XMLSchema-instance" xsi:noNamespaceSchemaLocation="https://maven.apache.org/surefire/maven-surefire-plugin/xsd/surefire-test-report.xsd" name="TestSuite" time="84.237" tests="4" errors="0" skipped="0" failures="3">
  <properties>
[...]
</properties>
  <testcase name="business" classname="tests.Courses" time="30.034"/>
  <testcase name="retrieveLanguage" classname="tests.Courses" time="15.155">
    <failure message="no such element: Unable to locate element: {&quot;method&quot;:&quot;css selector&quot;,&quot;selector&quot;:&quot;#udemy &gt; div.main-content-wrapper &gt; div.ud-app-loader.ud-component--header-v6--header.udlite-header.ud-app-loaded &gt; div.udlite-text-sm.header--header--3sK1h.header--flex-middle--2Xqjv &gt; a &gt; img&quot;}&#10;  (Session info: chrome=79.0.3945.130)&#10;For documentation on this error, please visit: https://selenium.dev/exceptions/#no_such_element&#10;Build info: version: &apos;4.0.0-alpha-7&apos;, revision: &apos;de8579b6d5&apos;&#10;System info: host: &apos;PCIN468077&apos;, ip: &apos;192.168.0.106&apos;, os.name: &apos;Windows 10&apos;, os.arch: &apos;amd64&apos;, os.version: &apos;10.0&apos;, java.version: &apos;1.8.0_181&apos;&#10;Driver info: org.openqa.selenium.chrome.ChromeDriver&#10;Capabilities {acceptInsecureCerts: false, browserName: chrome, browserVersion: 79.0.3945.130, chrome: {chromedriverVersion: 79.0.3945.16 (93fcc21110c10..., userDataDir: C:\Users\888292\AppData\Loc...}, goog:chromeOptions: {debuggerAddress: localhost:56590}, javascriptEnabled: true, networkConnectionEnabled: false, pageLoadStrategy: normal, platform: WINDOWS, platformName: WINDOWS, proxy: Proxy(), setWindowRect: true, strictFileInteractability: false, timeouts: {implicit: 0, pageLoad: 300000, script: 30000}, unhandledPromptBehavior: dismiss and notify}&#10;Session ID: b7fa3087d6c5ce74e0cc94a830358b16&#10;*** Element info: {Using=css selector, value=#udemy &gt; div.main-content-wrapper &gt; div.ud-app-loader.ud-component--header-v6--header.udlite-header.ud-app-loaded &gt; div.udlite-text-sm.header--header--3sK1h.header--flex-middle--2Xqjv &gt; a &gt; img}" type="org.openqa.selenium.NoSuchElementException">org.openqa.selenium.NoSuchElementException: 
no such element: Unable to locate element: {"method":"css selector","selector":"#udemy > div.main-content-wrapper > div.ud-app-loader.ud-component--header-v6--header.udlite-header.ud-app-loaded > div.udlite-text-sm.header--header--3sK1h.header--flex-middle--2Xqjv > a > img"}
  (Session info: chrome=79.0.3945.130)
For documentation on this error, please visit: https://selenium.dev/exceptions/#no_such_element
Build info: version: '4.0.0-alpha-7', revision: 'de8579b6d5'
System info: host: 'PCIN468077', ip: '192.168.0.106', os.name: 'Windows 10', os.arch: 'amd64', os.version: '10.0', java.version: '1.8.0_181'
Driver info: org.openqa.selenium.chrome.ChromeDriver
Capabilities {acceptInsecureCerts: false, browserName: chrome, browserVersion: 79.0.3945.130, chrome: {chromedriverVersion: 79.0.3945.16 (93fcc21110c10..., userDataDir: C:\Users\888292\AppData\Loc...}, goog:chromeOptions: {debuggerAddress: localhost:56590}, javascriptEnabled: true, networkConnectionEnabled: false, pageLoadStrategy: normal, platform: WINDOWS, platformName: WINDOWS, proxy: Proxy(), setWindowRect: true, strictFileInteractability: false, timeouts: {implicit: 0, pageLoad: 300000, script: 30000}, unhandledPromptBehavior: dismiss and notify}
Session ID: b7fa3087d6c5ce74e0cc94a830358b16
*** Element info: {Using=css selector, value=#udemy > div.main-content-wrapper > div.ud-app-loader.ud-component--header-v6--header.udlite-header.ud-app-loaded > div.udlite-text-sm.header--header--3sK1h.header--flex-middle--2Xqjv > a > img}
	at tests.Courses.retrieveLanguage(Courses.java:87)
</failure>
  </testcase>
  <testcase name="retrieveLevel" classname="tests.Courses" time="15.064">
    <failure message="no such element: Unable to locate element: {&quot;method&quot;:&quot;xpath&quot;,&quot;selector&quot;:&quot;/html/body/div[2]/div[3]/div/div/div[6]/div[2]/div[1]/div[2]/div/div[1]/form/div/div[5]/div[1]&quot;}&#10;  (Session info: chrome=79.0.3945.130)&#10;For documentation on this error, please visit: https://selenium.dev/exceptions/#no_such_element&#10;Build info: version: &apos;4.0.0-alpha-7&apos;, revision: &apos;de8579b6d5&apos;&#10;System info: host: &apos;PCIN468077&apos;, ip: &apos;192.168.0.106&apos;, os.name: &apos;Windows 10&apos;, os.arch: &apos;amd64&apos;, os.version: &apos;10.0&apos;, java.version: &apos;1.8.0_181&apos;&#10;Driver info: org.openqa.selenium.chrome.ChromeDriver&#10;Capabilities {acceptInsecureCerts: false, browserName: chrome, browserVersion: 79.0.3945.130, chrome: {chromedriverVersion: 79.0.3945.16 (93fcc21110c10..., userDataDir: C:\Users\888292\AppData\Loc...}, goog:chromeOptions: {debuggerAddress: localhost:56590}, javascriptEnabled: true, networkConnectionEnabled: false, pageLoadStrategy: normal, platform: WINDOWS, platformName: WINDOWS, proxy: Proxy(), setWindowRect: true, strictFileInteractability: false, timeouts: {implicit: 0, pageLoad: 300000, script: 30000}, unhandledPromptBehavior: dismiss and notify}&#10;Session ID: b7fa3087d6c5ce74e0cc94a830358b16&#10;*** Element info: {Using=xpath, value=/html/body/div[2]/div[3]/div/div/div[6]/div[2]/div[1]/div[2]/div/div[1]/form/div/div[5]/div[1]}" type="org.openqa.selenium.NoSuchElementException">org.openqa.selenium.NoSuchElementException: 
no such element: Unable to locate element: {"method":"xpath","selector":"/html/body/div[2]/div[3]/div/div/div[6]/div[2]/div[1]/div[2]/div/div[1]/form/div/div[5]/div[1]"}
  (Session info: chrome=79.0.3945.130)
For documentation on this error, please visit: https://selenium.dev/exceptions/#no_such_element
Build info: version: '4.0.0-alpha-7', revision: 'de8579b6d5'
System info: host: 'PCIN468077', ip: '192.168.0.106', os.name: 'Windows 10', os.arch: 'amd64', os.version: '10.0', java.version: '1.8.0_181'
Driver info: org.openqa.selenium.chrome.ChromeDriver
Capabilities {acceptInsecureCerts: false, browserName: chrome, browserVersion: 79.0.3945.130, chrome: {chromedriverVersion: 79.0.3945.16 (93fcc21110c10..., userDataDir: C:\Users\888292\AppData\Loc...}, goog:chromeOptions: {debuggerAddress: localhost:56590}, javascriptEnabled: true, networkConnectionEnabled: false, pageLoadStrategy: normal, platform: WINDOWS, platformName: WINDOWS, proxy: Proxy(), setWindowRect: true, strictFileInteractability: false, timeouts: {implicit: 0, pageLoad: 300000, script: 30000}, unhandledPromptBehavior: dismiss and notify}
Session ID: b7fa3087d6c5ce74e0cc94a830358b16
*** Element info: {Using=xpath, value=/html/body/div[2]/div[3]/div/div/div[6]/div[2]/div[1]/div[2]/div/div[1]/form/div/div[5]/div[1]}
	at tests.Courses.retrieveLevel(Courses.java:104)
</failure>
  </testcase>
  <testcase name="searchWeb" classname="tests.Courses" time="7.86">
    <failure message="Cannot locate an element using name=q&#10;For documentation on this error, please visit: https://selenium.dev/exceptions/#no_such_element&#10;Build info: version: &apos;4.0.0-alpha-7&apos;, revision: &apos;de8579b6d5&apos;&#10;System info: host: &apos;PCIN468077&apos;, ip: &apos;192.168.0.106&apos;, os.name: &apos;Windows 10&apos;, os.arch: &apos;amd64&apos;, os.version: &apos;10.0&apos;, java.version: &apos;1.8.0_181&apos;&#10;Driver info: driver.version: RemoteWebDriver" type="org.openqa.selenium.NoSuchElementException">org.openqa.selenium.NoSuchElementException: 
Cannot locate an element using name=q
For documentation on this error, please visit: https://selenium.dev/exceptions/#no_such_element
Build info: version: '4.0.0-alpha-7', revision: 'de8579b6d5'
System info: host: 'PCIN468077', ip: '192.168.0.106', os.name: 'Windows 10', os.arch: 'amd64', os.version: '10.0', java.version: '1.8.0_181'
Driver info: driver.version: RemoteWebDriver
	at tests.Courses.searchWeb(Courses.java:72)
</failure>
  </testcase>
</testsuite>