<?xml version="1.0" encoding="UTF-8"?>
<!-- Generated by org.testng.reporters.JUnitXMLReporter -->
<testsuite hostname="PCIN468077" name="Default test" tests="4" failures="0" timestamp="3 Mar 2021 07:52:20 GMT" time="62.892" errors="0">
  <testcase name="searchWeb" time="28.839" classname="tests.Courses"/>
  <testcase name="retrieveLanguage" time="11.421" classname="tests.Courses"/>
  <testcase name="retrieveLevel" time="7.624" classname="tests.Courses"/>
  <testcase name="business" time="14.803" classname="tests.Courses"/>
</testsuite> <!-- Default test -->
